<?xml version="1.0" encoding="UTF-8"?>
<!-- Generated by org.testng.reporters.JUnitXMLReporter -->
<testsuite hostname="Aleksey-PC" name="Command line test" tests="12" failures="0" timestamp="6 Mar 2016 20:25:22 GMT" time="5.131" errors="0">
  <testcase name="dbConnectionOk" time="0.703" classname="com.kholodkov.ido.db.DbConnectionTest"/>
  <testcase name="dataSourceHasConnection" time="0.098" classname="com.kholodkov.ido.config.SpringApplicationContextTest"/>
  <testcase name="sessionFactoryHasSession" time="0.06" classname="com.kholodkov.ido.config.SpringApplicationContextTest"/>
  <testcase name="deleteTaskTest" time="0.0" classname="com.kholodkov.ido.task.TaskDaoImplTest"/>
  <testcase name="insertTaskTest" time="0.05" classname="com.kholodkov.ido.task.TaskDaoImplTest"/>
  <testcase name="insertTaskVsSubTasks" time="0.005" classname="com.kholodkov.ido.task.TaskDaoImplTest"/>
  <testcase name="selectTaskTest" time="0.001" classname="com.kholodkov.ido.task.TaskDaoImplTest"/>
  <testcase name="addSubTask" time="0.0" classname="com.kholodkov.ido.task.TaskTest"/>
  <testcase name="newTaskHasEmptySubTasks" time="0.0" classname="com.kholodkov.ido.task.TaskTest"/>
  <testcase name="newTaskInitializeInStateWIllBeDone" time="0.0" classname="com.kholodkov.ido.task.TaskTest"/>
  <testcase name="newUserCanSeeStartTask" time="0.0" classname="com.kholodkov.ido.task.TaskTest"/>
  <testcase name="toStringWorkCorrect" time="0.0" classname="com.kholodkov.ido.task.TaskTest"/>
</testsuite> <!-- Command line test -->
